{
  "RSpec": {
    "coverage": {
      "/home/thiago/projetos/toy_robot_simulator/lib/robot.rb": {
        "lines": [
          1,
          1,
          null,
          1,
          8,
          null,
          null,
          1,
          6,
          null,
          null,
          1,
          10,
          null,
          null
        ]
      },
      "/home/thiago/projetos/toy_robot_simulator/lib/position.rb": {
        "lines": [
          null,
          null,
          1,
          null,
          1,
          null,
          1,
          null,
          1,
          12,
          12,
          12,
          null,
          null,
          1,
          1,
          null,
          null,
          1,
          1,
          null,
          null,
          1,
          null,
          2,
          null,
          null,
          null,
          null,
          2,
          null,
          null,
          1,
          null,
          1,
          0,
          null,
          null,
          1,
          1,
          null,
          null,
          1,
          1,
          null,
          null,
          1,
          0,
          null,
          null
        ]
      },
      "/home/thiago/projetos/toy_robot_simulator/lib/board.rb": {
        "lines": [
          1,
          1,
          8,
          8,
          null,
          null,
          1,
          10,
          null,
          null
        ]
      },
      "/home/thiago/projetos/toy_robot_simulator/lib/commands/place.rb": {
        "lines": [
          1,
          1,
          8,
          8,
          8,
          null,
          null,
          1,
          8,
          null,
          null
        ]
      },
      "/home/thiago/projetos/toy_robot_simulator/lib/commands/left.rb": {
        "lines": [
          1,
          1,
          1,
          null,
          null,
          1,
          1,
          null,
          1,
          null,
          null,
          null,
          null
        ]
      },
      "/home/thiago/projetos/toy_robot_simulator/spec/move_spec.rb": {
        "lines": [
          1,
          1,
          1,
          1,
          1,
          1,
          null,
          1,
          3,
          3,
          2,
          1,
          1,
          2,
          null,
          null,
          1,
          1,
          1,
          1,
          null,
          null,
          null,
          1,
          2,
          1,
          1,
          1,
          null,
          null,
          null,
          null
        ]
      },
      "/home/thiago/projetos/toy_robot_simulator/lib/commands/move.rb": {
        "lines": [
          null,
          null,
          1,
          1,
          2,
          2,
          2,
          null,
          null,
          1,
          2,
          2,
          null,
          null
        ]
      },
      "/home/thiago/projetos/toy_robot_simulator/spec/place_spec.rb": {
        "lines": [
          1,
          1,
          1,
          1,
          1,
          null,
          1,
          3,
          3,
          1,
          1,
          2,
          null,
          null,
          1,
          2,
          null,
          1,
          1,
          null,
          null,
          null,
          1,
          2,
          null,
          1,
          1,
          null,
          null,
          null,
          null
        ]
      },
      "/home/thiago/projetos/toy_robot_simulator/spec/report_spec.rb": {
        "lines": [
          1,
          1,
          1,
          1,
          1,
          null,
          1,
          3,
          3,
          1,
          1,
          2,
          null,
          null,
          1,
          2,
          null,
          1,
          1,
          null,
          null,
          null,
          1,
          2,
          null,
          1,
          1,
          null,
          null,
          null,
          null
        ]
      },
      "/home/thiago/projetos/toy_robot_simulator/spec/right_spec.rb": {
        "lines": [
          1,
          1,
          1,
          1,
          1,
          1,
          null,
          1,
          2,
          2,
          2,
          1,
          1,
          1,
          null,
          null,
          1,
          1,
          1,
          1,
          null,
          null,
          null,
          null
        ]
      },
      "/home/thiago/projetos/toy_robot_simulator/lib/commands/right.rb": {
        "lines": [
          1,
          1,
          1,
          null,
          null,
          1,
          1,
          null,
          1,
          null,
          null,
          null,
          null
        ]
      }
    },
    "timestamp": 1688017228
  }
}
